<?xml version="1.0" encoding="UTF-8"?>
<!-- Generated by org.testng.reporters.JUnitReportReporter -->
<testsuite hostname="DESKTOP-CVL981B" failures="0" tests="1" name="iframes.IframesHandles" time="95.410" errors="0" timestamp="2024-09-04T16:48:15 IST" skipped="0">
  <testcase classname="iframes.IframesHandles" name="frames" time="95.410"/>
  <system-out/>
</testsuite> <!-- iframes.IframesHandles -->
