<?xml version="1.0" encoding="UTF-8"?>
<!-- Generated by org.testng.reporters.JUnitReportReporter -->
<testsuite hostname="DESKTOP-CVL981B" failures="0" tests="1" name="fileupload.UploadFile" time="12.573" errors="0" timestamp="2024-09-10T16:03:10 IST" skipped="0">
  <testcase classname="fileupload.UploadFile" name="scrolldown" time="12.573"/>
  <system-out/>
</testsuite> <!-- fileupload.UploadFile -->
