<?xml version="1.0" encoding="UTF-8"?>
<!-- Generated by org.testng.reporters.JUnitReportReporter -->
<testsuite hostname="DESKTOP-CVL981B" failures="0" tests="1" name="screenshot.BugScreenshot" time="8.999" errors="0" timestamp="2024-09-17T16:48:38 IST" skipped="0">
  <testcase classname="screenshot.BugScreenshot" name="googlesearch" time="8.999"/>
  <system-out/>
</testsuite> <!-- screenshot.BugScreenshot -->
