<?xml version="1.0" encoding="UTF-8"?>
<!-- Generated by org.testng.reporters.JUnitReportReporter -->
<testsuite hostname="DESKTOP-CVL981B" failures="0" tests="1" name="screenshot.SelectedWebElementScreenshot" time="8.800" errors="0" timestamp="2024-09-17T16:34:44 IST" skipped="0">
  <testcase classname="screenshot.SelectedWebElementScreenshot" name="TakeScreenShot" time="8.800"/>
  <system-out/>
</testsuite> <!-- screenshot.SelectedWebElementScreenshot -->
