<?xml version="1.0" encoding="UTF-8"?>
<!-- Generated by org.testng.reporters.JUnitReportReporter -->
<testsuite hostname="DESKTOP-CVL981B" failures="0" tests="1" name="verifytitleurlapptext.TabtitleURLappText" time="3.428" errors="0" timestamp="2024-09-10T16:36:58 IST" skipped="0">
  <testcase classname="verifytitleurlapptext.TabtitleURLappText" name="verifyapptext" time="3.428"/>
  <system-out/>
</testsuite> <!-- verifytitleurlapptext.TabtitleURLappText -->
