<?xml version="1.0" encoding="UTF-8"?>
<!-- Generated by org.testng.reporters.JUnitReportReporter -->
<testsuite hostname="DESKTOP-CVL981B" failures="0" tests="5" name="testngframework.TestNG_4_Skip_Ignore_Disabled" time="30.919" errors="0" timestamp="2024-08-30T07:43:40 IST" skipped="2">
  <testcase classname="testngframework.TestNG_4_Skip_Ignore_Disabled" name="facebook" time="6.726"/>
  <system-out/>
  <testcase classname="testngframework.TestNG_4_Skip_Ignore_Disabled" name="gmail" time="8.048"/>
  <system-out/>
  <testcase classname="testngframework.TestNG_4_Skip_Ignore_Disabled" name="selenium" time="16.145"/>
  <system-out/>
  <testcase classname="testngframework.TestNG_4_Skip_Ignore_Disabled" name="google">
    <skipped/>
  </testcase> <!-- google -->
  <system-out/>
  <testcase classname="testngframework.TestNG_4_Skip_Ignore_Disabled" name="zomato">
    <skipped/>
  </testcase> <!-- zomato -->
  <system-out/>
</testsuite> <!-- testngframework.TestNG_4_Skip_Ignore_Disabled -->
