<?xml version="1.0" encoding="UTF-8"?>
<!-- Generated by org.testng.reporters.JUnitReportReporter -->
<testsuite hostname="DESKTOP-CVL981B" failures="0" tests="1" name="dropdownselection.SelectDropDownValues" time="21.414" errors="0" timestamp="2024-09-05T10:47:35 IST" skipped="0">
  <testcase classname="dropdownselection.SelectDropDownValues" name="redmine" time="21.414"/>
  <system-out/>
</testsuite> <!-- dropdownselection.SelectDropDownValues -->
