<?xml version="1.0" encoding="UTF-8"?>
<!-- Generated by org.testng.reporters.JUnitReportReporter -->
<testsuite hostname="DESKTOP-CVL981B" failures="0" tests="2" name="testngframework.TestNG_91_Groups_TCs_Run" time="31.740" errors="0" timestamp="2024-08-30T08:00:51 IST" skipped="0">
  <testcase classname="testngframework.TestNG_91_Groups_TCs_Run" name="swiggy" time="19.547"/>
  <system-out/>
  <testcase classname="testngframework.TestNG_91_Groups_TCs_Run" name="zomato" time="12.193"/>
  <system-out/>
</testsuite> <!-- testngframework.TestNG_91_Groups_TCs_Run -->
