<?xml version="1.0" encoding="UTF-8"?>
<!-- Generated by org.testng.reporters.JUnitReportReporter -->
<testsuite hostname="DESKTOP-CVL981B" failures="0" tests="1" name="actionsclassprograms.ActionsClass" time="7.414" errors="0" timestamp="2024-09-24T14:46:56 IST" skipped="0">
  <testcase classname="actionsclassprograms.ActionsClass" name="keyboardkeys" time="7.414"/>
  <system-out/>
</testsuite> <!-- actionsclassprograms.ActionsClass -->
