<?xml version="1.0" encoding="UTF-8"?>
<!-- Generated by org.testng.reporters.JUnitReportReporter -->
<testsuite hostname="DESKTOP-CVL981B" failures="0" tests="1" name="log4jtutorial.GoogleSearch" time="26.182" errors="0" timestamp="2024-09-27T18:46:19 IST" skipped="0">
  <testcase classname="log4jtutorial.GoogleSearch" name="search" time="26.182"/>
  <system-out/>
</testsuite> <!-- log4jtutorial.GoogleSearch -->
