<?xml version="1.0" encoding="UTF-8"?>
<!-- Generated by org.testng.reporters.JUnitReportReporter -->
<testsuite hostname="DESKTOP-CVL981B" failures="0" tests="4" name="testngframework.TestNG_5_InvocationCount" time="7.846" errors="0" timestamp="2024-08-28T15:56:34 IST" skipped="0">
  <testcase classname="testngframework.TestNG_5_InvocationCount" name="selenium" time="1.407"/>
  <system-out/>
  <testcase classname="testngframework.TestNG_5_InvocationCount" name="selenium" time="0.132"/>
  <system-out/>
  <testcase classname="testngframework.TestNG_5_InvocationCount" name="google" time="6.077"/>
  <system-out/>
  <testcase classname="testngframework.TestNG_5_InvocationCount" name="selenium" time="0.230"/>
  <system-out/>
</testsuite> <!-- testngframework.TestNG_5_InvocationCount -->
