<?xml version="1.0" encoding="UTF-8"?>
<!-- Generated by org.testng.reporters.JUnitReportReporter -->
<testsuite hostname="DESKTOP-CVL981B" failures="0" tests="1" name="isDisplayedisEnabledisSelected.IsDisplayedisEnabledisSelected" time="7.464" errors="0" timestamp="2024-09-10T17:13:37 IST" skipped="0">
  <testcase classname="isDisplayedisEnabledisSelected.IsDisplayedisEnabledisSelected" name="isEnabledfeature" time="7.464"/>
  <system-out/>
</testsuite> <!-- isDisplayedisEnabledisSelected.IsDisplayedisEnabledisSelected -->
