<?xml version="1.0" encoding="UTF-8"?>
<!-- Generated by org.testng.reporters.JUnitReportReporter -->
<testsuite hostname="DESKTOP-CVL981B" failures="0" tests="1" name="screenshot.FullPageScreenshot" time="60.597" errors="0" timestamp="2024-09-17T16:53:19 IST" skipped="0">
  <testcase classname="screenshot.FullPageScreenshot" name="CompletePageScreenshot" time="60.597"/>
  <system-out/>
</testsuite> <!-- screenshot.FullPageScreenshot -->
