<?xml version="1.0" encoding="UTF-8"?>
<!-- Generated by org.testng.reporters.JUnitReportReporter -->
<testsuite hostname="DESKTOP-CVL981B" failures="0" tests="4" name="demotestng.TestNG_Invocation_Count" time="9.841" errors="0" timestamp="2024-08-30T07:43:40 IST" skipped="0">
  <testcase classname="demotestng.TestNG_Invocation_Count" name="selenium" time="0.195"/>
  <system-out/>
  <testcase classname="demotestng.TestNG_Invocation_Count" name="google" time="6.699"/>
  <system-out/>
  <testcase classname="demotestng.TestNG_Invocation_Count" name="selenium" time="0.281"/>
  <system-out/>
  <testcase classname="demotestng.TestNG_Invocation_Count" name="selenium" time="2.666"/>
  <system-out/>
</testsuite> <!-- demotestng.TestNG_Invocation_Count -->
