<?xml version="1.0" encoding="UTF-8"?>
<!-- Generated by org.testng.reporters.JUnitReportReporter -->
<testsuite hostname="DESKTOP-CVL981B" failures="0" tests="6" name="testngframework.TestNG_2_TestCases_Executon_Order" time="39.323" errors="0" timestamp="2024-08-28T15:29:21 IST" skipped="0">
  <testcase classname="testngframework.TestNG_2_TestCases_Executon_Order" name="gmail" time="4.574"/>
  <system-out/>
  <testcase classname="testngframework.TestNG_2_TestCases_Executon_Order" name="zomato" time="11.415"/>
  <system-out/>
  <testcase classname="testngframework.TestNG_2_TestCases_Executon_Order" name="facebook" time="9.485"/>
  <system-out/>
  <testcase classname="testngframework.TestNG_2_TestCases_Executon_Order" name="google" time="5.696"/>
  <system-out/>
  <testcase classname="testngframework.TestNG_2_TestCases_Executon_Order" name="selenium" time="3.256"/>
  <system-out/>
  <testcase classname="testngframework.TestNG_2_TestCases_Executon_Order" name="twitter" time="4.897"/>
  <system-out/>
</testsuite> <!-- testngframework.TestNG_2_TestCases_Executon_Order -->
