<?xml version="1.0" encoding="UTF-8"?>
<!-- Generated by org.testng.reporters.JUnitReportReporter -->
<testsuite hostname="DESKTOP-CVL981B" failures="0" tests="2" name="testngframework.TestNG_9_Run_XML_File" time="11.775" errors="0" timestamp="2024-08-30T07:24:36 IST" skipped="0">
  <testcase classname="testngframework.TestNG_9_Run_XML_File" name="method3" time="7.832"/>
  <system-out/>
  <testcase classname="testngframework.TestNG_9_Run_XML_File" name="method6" time="3.943"/>
  <system-out/>
</testsuite> <!-- testngframework.TestNG_9_Run_XML_File -->
