<?xml version="1.0" encoding="UTF-8"?>
<!-- Generated by org.testng.reporters.JUnitReportReporter -->
<testsuite hostname="DESKTOP-CVL981B" failures="0" tests="6" name="testngframework.TestNG_3_TestCases_Priroty_Order" time="26.465" errors="0" timestamp="2024-08-28T15:43:37 IST" skipped="0">
  <testcase classname="testngframework.TestNG_3_TestCases_Priroty_Order" name="zomato" time="9.433"/>
  <system-out/>
  <testcase classname="testngframework.TestNG_3_TestCases_Priroty_Order" name="google" time="4.970"/>
  <system-out/>
  <testcase classname="testngframework.TestNG_3_TestCases_Priroty_Order" name="facebook" time="1.557"/>
  <system-out/>
  <testcase classname="testngframework.TestNG_3_TestCases_Priroty_Order" name="twitter" time="4.733"/>
  <system-out/>
  <testcase classname="testngframework.TestNG_3_TestCases_Priroty_Order" name="gmail" time="4.310"/>
  <system-out/>
  <testcase classname="testngframework.TestNG_3_TestCases_Priroty_Order" name="selenium" time="1.462"/>
  <system-out/>
</testsuite> <!-- testngframework.TestNG_3_TestCases_Priroty_Order -->
