<?xml version="1.0" encoding="UTF-8"?>
<!-- Generated by org.testng.reporters.JUnitReportReporter -->
<testsuite hostname="DESKTOP-CVL981B" failures="0" tests="2" name="pagescrolldownandup.ScrollDownandUp" time="15.517" errors="0" timestamp="2024-09-09T14:44:35 IST" skipped="0">
  <testcase classname="pagescrolldownandup.ScrollDownandUp" name="scrolldown" time="9.477"/>
  <system-out/>
  <testcase classname="pagescrolldownandup.ScrollDownandUp" name="scrollup" time="6.040"/>
  <system-out/>
</testsuite> <!-- pagescrolldownandup.ScrollDownandUp -->
