<?xml version="1.0" encoding="UTF-8"?>
<!-- Generated by org.testng.reporters.JUnitReportReporter -->
<testsuite hostname="DESKTOP-CVL981B" failures="0" tests="2" name="testngframework.TestNG_6_DependsOnMethods" time="8.182" errors="0" timestamp="2024-08-29T15:09:49 IST" skipped="0">
  <testcase classname="testngframework.TestNG_6_DependsOnMethods" name="method1" time="1.071"/>
  <system-out/>
  <testcase classname="testngframework.TestNG_6_DependsOnMethods" name="method2" time="7.111"/>
  <system-out/>
</testsuite> <!-- testngframework.TestNG_6_DependsOnMethods -->
