<?xml version="1.0" encoding="UTF-8"?>
<!-- Generated by org.testng.reporters.JUnitReportReporter -->
<testsuite hostname="DESKTOP-CVL981B" failures="0" tests="1" name="alertwindowhandles.AlertWidnows" time="14.342" errors="0" timestamp="2024-09-03T14:40:23 IST" skipped="0">
  <testcase classname="alertwindowhandles.AlertWidnows" name="alertsendtextokcancel" time="14.342"/>
  <system-out/>
</testsuite> <!-- alertwindowhandles.AlertWidnows -->
