<?xml version="1.0" encoding="UTF-8"?>
<!-- Generated by org.testng.reporters.JUnitReportReporter -->
<testsuite hostname="DESKTOP-CVL981B" failures="0" tests="1" name="screenshot.TimeFormateScreenshot" time="16.074" errors="0" timestamp="2024-09-17T16:27:23 IST" skipped="0">
  <testcase classname="screenshot.TimeFormateScreenshot" name="googlesearch" time="16.074"/>
  <system-out/>
</testsuite> <!-- screenshot.TimeFormateScreenshot -->
